2025-09-19 14:22:11 |     INFO | Demo mode enabled - using mock responses
2025-09-19 14:23:18 |     INFO | Demo mode enabled - using mock responses
2025-09-19 14:24:27 |     INFO | Demo mode enabled - using mock responses
2025-09-20 14:19:51 |     INFO | MAIN server: Production mode - real API calls
2025-09-20 14:20:18 |     INFO | US server: Demo mode enabled - using mock responses
2025-09-20 14:22:44 |     INFO | MAIN server: Production mode - real API calls
2025-09-20 14:22:47 |     INFO | US server: Demo mode enabled - using mock responses
2025-09-20 14:23:24 |     INFO | MAIN server: Production mode - real API calls
2025-09-20 14:23:53 |     INFO | US server: Demo mode enabled - using mock responses
2025-09-20 15:35:01 |     INFO | MAIN server: Production mode - real API calls
2025-09-20 15:35:31 |     INFO | US server: Demo mode enabled - using mock responses
2025-09-20 15:35:35 |     INFO | APAC server: Demo mode enabled - using mock responses
2025-09-20 15:39:20 |     INFO | MAIN server: Production mode - real API calls
2025-09-20 15:39:48 |     INFO | US server: Production mode - real API calls
2025-09-20 15:40:46 |     INFO | APAC server: Production mode - real API calls
2025-09-20 15:53:31 |     INFO | MAIN server: Production mode - real API calls
2025-09-20 15:53:58 |     INFO | US server: Production mode - real API calls
2025-09-20 15:55:12 |     INFO | APAC server: Production mode - real API calls
2025-09-20 16:00:19 |     INFO | MAIN server: Production mode - real API calls
2025-09-20 16:00:47 |     INFO | US server: Production mode - real API calls
2025-09-20 16:01:57 |     INFO | APAC server: Production mode - real API calls
2025-09-20 16:06:15 |     INFO | MAIN server: Production mode - real API calls
2025-09-20 16:06:43 |     INFO | US server: Production mode - real API calls
2025-09-20 16:07:53 |     INFO | APAC server: Production mode - real API calls
2025-09-20 16:16:54 |     INFO | MAIN server: Production mode - real API calls
2025-09-20 16:17:24 |     INFO | US server: Production mode - real API calls
2025-09-20 16:18:32 |     INFO | APAC server: Production mode - real API calls
